2021-12-26 09:15:29,232 - pyswarms.single.global_best - INFO - Optimize for 1000 iters with {'c1': 0.5, 'c2': 0.3, 'w': 0.9}
2021-12-26 09:15:29,729 - pyswarms.single.global_best - INFO - Optimization finished | best cost: 5.838633837784019e-44, best pos: [2.39034117e-22 3.53416067e-23]
2021-12-26 09:20:04,298 - pyswarms.single.global_best - INFO - Optimize for 1000 iters with {'c1': 0.5, 'c2': 0.3, 'w': 0.9}
2021-12-26 09:20:05,089 - pyswarms.single.global_best - INFO - Optimization finished | best cost: 5.706516232315194e-45, best pos: [-5.98028890e-23 -4.61533389e-23]
2021-12-26 09:21:22,449 - pyswarms.single.global_best - INFO - Optimize for 1000 iters with {'c1': 0.5, 'c2': 0.3, 'w': 0.9}
2021-12-26 09:21:34,480 - pyswarms.single.global_best - INFO - Optimize for 1000 iters with {'c1': 0.5, 'c2': 0.3, 'w': 0.9}
2021-12-26 09:21:35,120 - pyswarms.single.global_best - INFO - Optimization finished | best cost: 2.543597451623959e-43, best pos: [-4.13833126e-22 -2.88273983e-22]
2021-12-26 09:25:13,907 - pyswarms.single.global_best - INFO - Optimize for 1000 iters with {'c1': 0.5, 'c2': 0.3, 'w': 0.9}
2021-12-26 09:25:43,405 - pyswarms.single.global_best - INFO - Optimize for 1000 iters with {'c1': 0.5, 'c2': 0.3, 'w': 0.9}
2021-12-26 09:25:46,646 - pyswarms.single.global_best - INFO - Optimization finished | best cost: -1107.5688360510821, best pos: [  -0.38399342 -356.43867557]
2021-12-26 09:25:50,827 - pyswarms.single.global_best - INFO - Optimize for 100 iters with {'c1': 0.5, 'c2': 0.3, 'w': 0.9}
2021-12-26 09:25:51,158 - pyswarms.single.global_best - INFO - Optimization finished | best cost: -288.73990916489373, best pos: [ -1.49131539 -48.44616062]
2021-12-26 09:25:55,318 - pyswarms.single.global_best - INFO - Optimize for 200 iters with {'c1': 0.5, 'c2': 0.3, 'w': 0.9}
2021-12-26 09:25:55,942 - pyswarms.single.global_best - INFO - Optimization finished | best cost: -914.1613426558986, best pos: [  -0.3203026  -285.84437182]
2021-12-26 09:30:38,983 - pyswarms.single.global_best - INFO - Optimize for 200 iters with {'c1': 0.5, 'c2': 0.3, 'w': 0.9}
2021-12-26 09:30:44,112 - pyswarms.single.global_best - INFO - Optimization finished | best cost: -333021.16574311646, best pos: [ 1.10766561e-01 -1.11685060e+05]
2021-12-26 09:39:35,496 - pyswarms.single.global_best - INFO - Optimize for 200 iters with {'c1': 0.5, 'c2': 0.3, 'w': 0.9}
2021-12-26 09:39:40,667 - pyswarms.single.global_best - INFO - Optimization finished | best cost: -228.4199588454662, best pos: [-98.29395594 100.        ]
2021-12-26 09:40:11,067 - pyswarms.single.global_best - INFO - Optimize for 200 iters with {'c1': 0.5, 'c2': 0.3, 'w': 0.9}
2021-12-26 09:40:16,251 - pyswarms.single.global_best - INFO - Optimization finished | best cost: -229.09732543213602, best pos: [ -0.1699555 100.       ]
2021-12-26 09:42:03,276 - pyswarms.single.global_best - INFO - Optimize for 200 iters with {'c1': 0.5, 'c2': 0.3, 'w': 0.9}
2021-12-26 09:42:04,521 - pyswarms.single.global_best - INFO - Optimization finished | best cost: -174.88923510729168, best pos: [ -0.41863341 100.        ]
2021-12-26 09:42:16,933 - pyswarms.single.global_best - INFO - Optimize for 200 iters with {'c1': 0.5, 'c2': 0.3, 'w': 0.9}
2021-12-26 09:42:18,181 - pyswarms.single.global_best - INFO - Optimization finished | best cost: -22419.223704949614, best pos: [-98.1458582 100.       ]
2021-12-26 09:42:21,067 - pyswarms.single.global_best - INFO - Optimize for 200 iters with {'c1': 0.5, 'c2': 0.3, 'w': 0.9}
2021-12-26 09:42:22,421 - pyswarms.single.global_best - INFO - Optimization finished | best cost: -22799.463878454942, best pos: [-99.79052631 100.        ]
2021-12-26 09:42:43,164 - pyswarms.single.global_best - INFO - Optimize for 200 iters with {'c1': 0.5, 'c2': 0.3, 'w': 0.9}
2021-12-26 09:42:44,464 - pyswarms.single.global_best - INFO - Optimization finished | best cost: -22639.39091017685, best pos: [-99.09815626 100.        ]
2021-12-26 11:40:43,077 - pyswarms.backend.generators - ERROR - Bounds and/or init_pos should be of size (1,)
Traceback (most recent call last):
  File "/home/sampad/Desktop/pyv/lib/python3.10/site-packages/pyswarms/backend/generators.py", line 81, in generate_swarm
    pos = center * np.random.uniform(
  File "mtrand.pyx", line 1131, in numpy.random.mtrand.RandomState.uniform
  File "_common.pyx", line 562, in numpy.random._common.cont
  File "_common.pyx", line 480, in numpy.random._common.cont_broadcast_2
  File "_common.pyx", line 229, in numpy.random._common.validate_output_shape
ValueError: Output size (100, 1) is not compatible with broadcast dimensions of inputs (100, 2).
2021-12-26 11:41:47,336 - pyswarms.backend.generators - ERROR - Bounds and/or init_pos should be of size (1,)
Traceback (most recent call last):
  File "/home/sampad/Desktop/pyv/lib/python3.10/site-packages/pyswarms/backend/generators.py", line 81, in generate_swarm
    pos = center * np.random.uniform(
  File "mtrand.pyx", line 1131, in numpy.random.mtrand.RandomState.uniform
  File "_common.pyx", line 562, in numpy.random._common.cont
  File "_common.pyx", line 480, in numpy.random._common.cont_broadcast_2
  File "_common.pyx", line 229, in numpy.random._common.validate_output_shape
ValueError: Output size (100, 1) is not compatible with broadcast dimensions of inputs (100, 2).
2021-12-26 11:42:07,642 - pyswarms.single.global_best - INFO - Optimize for 200 iters with {'c1': 0.5, 'c2': 0.3, 'w': 0.9}
2021-12-26 11:42:09,384 - pyswarms.single.global_best - INFO - Optimization finished | best cost: -61878.194433196084, best pos: [-200.09445501           nan]
2021-12-26 11:42:34,189 - pyswarms.single.global_best - INFO - Optimize for 200 iters with {'c1': 0.5, 'c2': 0.3, 'w': 0.9}
2021-12-26 11:42:35,774 - pyswarms.single.global_best - INFO - Optimization finished | best cost: -20437811.788244717, best pos: [-6.61362930e+04 -3.38384098e+00]
2021-12-26 11:42:37,272 - pyswarms.single.global_best - INFO - Optimize for 200 iters with {'c1': 0.5, 'c2': 0.3, 'w': 0.9}
2021-12-26 11:42:56,929 - pyswarms.single.global_best - INFO - Optimize for 200 iters with {'c1': 0.5, 'c2': 0.3, 'w': 0.9}
2021-12-26 11:43:03,106 - pyswarms.single.global_best - INFO - Optimize for 200 iters with {'c1': 0.5, 'c2': 0.3, 'w': 0.9}
2021-12-26 11:43:06,095 - pyswarms.single.global_best - INFO - Optimize for 200 iters with {'c1': 0.5, 'c2': 0.3, 'w': 0.9}
2021-12-26 11:43:31,205 - pyswarms.single.global_best - INFO - Optimize for 200 iters with {'c1': 0.5, 'c2': 0.3, 'w': 0.9}
2021-12-26 11:43:35,808 - pyswarms.single.global_best - INFO - Optimize for 200 iters with {'c1': 0.5, 'c2': 0.3, 'w': 0.9}
2021-12-26 11:44:03,723 - pyswarms.single.global_best - INFO - Optimize for 100 iters with {'c1': 0.5, 'c2': 0.3, 'w': 0.9}
2021-12-26 11:47:18,638 - pyswarms.single.global_best - INFO - Optimize for 100 iters with {'c1': 0.5, 'c2': 0.3, 'w': 0.9}
